Performing C SOURCE FILE Test CMAKE_HAVE_LIBC_PTHREAD failed with the following output:
Change Dir: /media/sf_D_DRIVE/Linux/linux/rgr-rumeone-main/build/Debug/CMakeFiles/CMakeScratch/TryCompile-8h4rAS

Run Build Command(s):/usr/bin/make -f Makefile cmTC_9ab8c/fast && /usr/bin/make  -f CMakeFiles/cmTC_9ab8c.dir/build.make CMakeFiles/cmTC_9ab8c.dir/build
make[1]: вход в каталог «/media/sf_D_DRIVE/Linux/linux/rgr-rumeone-main/build/Debug/CMakeFiles/CMakeScratch/TryCompile-8h4rAS»
Building C object CMakeFiles/cmTC_9ab8c.dir/src.c.o
/usr/bin/cc -DCMAKE_HAVE_LIBC_PTHREAD   -o CMakeFiles/cmTC_9ab8c.dir/src.c.o -c /media/sf_D_DRIVE/Linux/linux/rgr-rumeone-main/build/Debug/CMakeFiles/CMakeScratch/TryCompile-8h4rAS/src.c
Linking C executable cmTC_9ab8c
/usr/bin/cmake -E cmake_link_script CMakeFiles/cmTC_9ab8c.dir/link.txt --verbose=1
/usr/bin/cc -rdynamic CMakeFiles/cmTC_9ab8c.dir/src.c.o -o cmTC_9ab8c 
/usr/bin/ld: CMakeFiles/cmTC_9ab8c.dir/src.c.o: в функции «main»:
src.c:(.text+0x46): неопределённая ссылка на «pthread_create»
/usr/bin/ld: src.c:(.text+0x52): неопределённая ссылка на «pthread_detach»
/usr/bin/ld: src.c:(.text+0x5e): неопределённая ссылка на «pthread_cancel»
/usr/bin/ld: src.c:(.text+0x6f): неопределённая ссылка на «pthread_join»
collect2: error: ld returned 1 exit status
make[1]: *** [CMakeFiles/cmTC_9ab8c.dir/build.make:99: cmTC_9ab8c] Ошибка 1
make[1]: выход из каталога «/media/sf_D_DRIVE/Linux/linux/rgr-rumeone-main/build/Debug/CMakeFiles/CMakeScratch/TryCompile-8h4rAS»
make: *** [Makefile:127: cmTC_9ab8c/fast] Ошибка 2


Source file was:
#include <pthread.h>

static void* test_func(void* data)
{
  return data;
}

int main(void)
{
  pthread_t thread;
  pthread_create(&thread, NULL, test_func, NULL);
  pthread_detach(thread);
  pthread_cancel(thread);
  pthread_join(thread, NULL);
  pthread_atfork(NULL, NULL, NULL);
  pthread_exit(NULL);

  return 0;
}


Determining if the function pthread_create exists in the pthreads failed with the following output:
Change Dir: /media/sf_D_DRIVE/Linux/linux/rgr-rumeone-main/build/Debug/CMakeFiles/CMakeScratch/TryCompile-2DP5DQ

Run Build Command(s):/usr/bin/make -f Makefile cmTC_66203/fast && /usr/bin/make  -f CMakeFiles/cmTC_66203.dir/build.make CMakeFiles/cmTC_66203.dir/build
make[1]: вход в каталог «/media/sf_D_DRIVE/Linux/linux/rgr-rumeone-main/build/Debug/CMakeFiles/CMakeScratch/TryCompile-2DP5DQ»
Building C object CMakeFiles/cmTC_66203.dir/CheckFunctionExists.c.o
/usr/bin/cc   -DCHECK_FUNCTION_EXISTS=pthread_create -o CMakeFiles/cmTC_66203.dir/CheckFunctionExists.c.o -c /media/sf_D_DRIVE/Linux/linux/rgr-rumeone-main/build/Debug/CMakeFiles/CMakeScratch/TryCompile-2DP5DQ/CheckFunctionExists.c
Linking C executable cmTC_66203
/usr/bin/cmake -E cmake_link_script CMakeFiles/cmTC_66203.dir/link.txt --verbose=1
/usr/bin/cc  -DCHECK_FUNCTION_EXISTS=pthread_create -rdynamic CMakeFiles/cmTC_66203.dir/CheckFunctionExists.c.o -o cmTC_66203  -lpthreads 
/usr/bin/ld: невозможно найти -lpthreads
collect2: error: ld returned 1 exit status
make[1]: *** [CMakeFiles/cmTC_66203.dir/build.make:99: cmTC_66203] Ошибка 1
make[1]: выход из каталога «/media/sf_D_DRIVE/Linux/linux/rgr-rumeone-main/build/Debug/CMakeFiles/CMakeScratch/TryCompile-2DP5DQ»
make: *** [Makefile:127: cmTC_66203/fast] Ошибка 2



